<?xml version="1.0" encoding="UTF-8"?>
<!-- Generated by org.testng.reporters.JUnitReportReporter -->
<testsuite hostname="PG00X8KU" failures="0" tests="1" name="Runner.TestApplication" time="28.759" errors="0" timestamp="2022-09-21T22:14:34 IST" skipped="0">
  <testcase classname="Runner.TestApplication" name="runScenario" time="28.759"/>
  <system-out/>
</testsuite> <!-- Runner.TestApplication -->
