<?xml version="1.0" encoding="UTF-8"?>
<!-- Generated by org.testng.reporters.JUnitReportReporter -->
<testsuite hostname="PG00X8KU" failures="0" tests="1" name="Runner.TestApplication" time="26.650" errors="0" timestamp="2022-09-27T16:03:17 IST" skipped="0">
  <testcase classname="Runner.TestApplication" name="runScenario" time="26.650"/>
  <system-out/>
</testsuite> <!-- Runner.TestApplication -->
