<?xml version="1.0" encoding="UTF-8"?>
<!-- Generated by org.testng.reporters.JUnitReportReporter -->
<testsuite hostname="PG00X8KU" failures="0" tests="11" name="Runner.TestApplication" time="555.757" errors="0" timestamp="2022-07-27T20:18:24 IST" skipped="0">
  <testcase classname="Runner.TestApplication" name="runScenario" time="71.063"/>
  <system-out/>
  <testcase classname="Runner.TestApplication" name="runScenario" time="100.089"/>
  <system-out/>
  <testcase classname="Runner.TestApplication" name="runScenario" time="37.032"/>
  <system-out/>
  <testcase classname="Runner.TestApplication" name="runScenario" time="29.840"/>
  <system-out/>
  <testcase classname="Runner.TestApplication" name="runScenario" time="29.118"/>
  <system-out/>
  <testcase classname="Runner.TestApplication" name="runScenario" time="32.244"/>
  <system-out/>
  <testcase classname="Runner.TestApplication" name="runScenario" time="33.822"/>
  <system-out/>
  <testcase classname="Runner.TestApplication" name="runScenario" time="27.934"/>
  <system-out/>
  <testcase classname="Runner.TestApplication" name="runScenario" time="88.166"/>
  <system-out/>
  <testcase classname="Runner.TestApplication" name="runScenario" time="79.367"/>
  <system-out/>
  <testcase classname="Runner.TestApplication" name="runScenario" time="27.082"/>
  <system-out/>
</testsuite> <!-- Runner.TestApplication -->
