<?xml version="1.0" encoding="UTF-8"?>
<!-- Generated by org.testng.reporters.JUnitReportReporter -->
<testsuite hostname="PG00X8KU" failures="0" tests="11" name="Runner.TestApplication" time="525.496" errors="0" timestamp="2022-07-28T14:30:55 IST" skipped="0">
  <testcase classname="Runner.TestApplication" name="runScenario" time="103.392"/>
  <system-out/>
  <testcase classname="Runner.TestApplication" name="runScenario" time="38.491"/>
  <system-out/>
  <testcase classname="Runner.TestApplication" name="runScenario" time="30.920"/>
  <system-out/>
  <testcase classname="Runner.TestApplication" name="runScenario" time="27.526"/>
  <system-out/>
  <testcase classname="Runner.TestApplication" name="runScenario" time="29.006"/>
  <system-out/>
  <testcase classname="Runner.TestApplication" name="runScenario" time="37.945"/>
  <system-out/>
  <testcase classname="Runner.TestApplication" name="runScenario" time="65.043"/>
  <system-out/>
  <testcase classname="Runner.TestApplication" name="runScenario" time="22.821"/>
  <system-out/>
  <testcase classname="Runner.TestApplication" name="runScenario" time="29.601"/>
  <system-out/>
  <testcase classname="Runner.TestApplication" name="runScenario" time="63.676"/>
  <system-out/>
  <testcase classname="Runner.TestApplication" name="runScenario" time="77.075"/>
  <system-out/>
</testsuite> <!-- Runner.TestApplication -->
