<?xml version="1.0" encoding="UTF-8"?>
<!-- Generated by org.testng.reporters.JUnitReportReporter -->
<testsuite hostname="INMUVADP016574" failures="0" tests="1" name="Runner.TestApplication" time="32.735" errors="0" timestamp="2022-09-20T16:29:37 IST" skipped="0">
  <testcase classname="Runner.TestApplication" name="runScenario" time="32.735"/>
  <system-out/>
</testsuite> <!-- Runner.TestApplication -->
