<?xml version="1.0" encoding="UTF-8"?>
<!-- Generated by org.testng.reporters.JUnitReportReporter -->
<testsuite hostname="DESKTOP-PSK9T3U" failures="0" tests="1" name="Runner.TestApplication" time="28.482" errors="0" timestamp="2023-08-11T12:22:44 AST" skipped="0">
  <testcase classname="Runner.TestApplication" name="runScenario" time="28.482"/>
  <system-out/>
</testsuite> <!-- Runner.TestApplication -->
