<?xml version="1.0" encoding="UTF-8"?>
<!-- Generated by org.testng.reporters.JUnitReportReporter -->
<testsuite hostname="DESKTOP-PSK9T3U" failures="0" tests="1" name="Runner.TestApplication" time="46.757" errors="0" timestamp="2023-06-12T18:50:28 IST" skipped="0">
  <testcase classname="Runner.TestApplication" name="runScenario" time="46.757"/>
  <system-out/>
</testsuite> <!-- Runner.TestApplication -->
