<?xml version="1.0" encoding="UTF-8"?>
<!-- Generated by org.testng.reporters.JUnitReportReporter -->
<testsuite hostname="INMUVADP016585" failures="0" tests="1" name="Runner.FailedRun" time="19.405" errors="0" timestamp="2022-08-12T18:46:04 IST" skipped="0">
  <testcase classname="Runner.FailedRun" name="runScenario" time="19.405"/>
  <system-out/>
</testsuite> <!-- Runner.FailedRun -->
