<?xml version="1.0" encoding="UTF-8"?>
<!-- Generated by org.testng.reporters.JUnitReportReporter -->
<testsuite hostname="INMUVADP016585" failures="0" tests="1" name="Runner.TestApplication" time="41.312" errors="0" timestamp="2022-10-12T19:32:56 IST" skipped="0">
  <testcase classname="Runner.TestApplication" name="runScenario" time="41.312"/>
  <system-out/>
</testsuite> <!-- Runner.TestApplication -->
