<?xml version="1.0" encoding="UTF-8"?>
<!-- Generated by org.testng.reporters.JUnitReportReporter -->
<testsuite hostname="INMUVADP016585" failures="0" tests="1" name="Runner.TestApplication" time="70.814" errors="0" timestamp="2022-10-07T19:30:01 IST" skipped="0">
  <testcase classname="Runner.TestApplication" name="runScenario" time="70.814"/>
  <system-out/>
</testsuite> <!-- Runner.TestApplication -->
