<?xml version="1.0" encoding="UTF-8"?>
<!-- Generated by org.testng.reporters.JUnitReportReporter -->
<testsuite hostname="INMUVADP016647" failures="0" tests="1" name="Runner.FailedRun" time="35.667" errors="0" timestamp="2022-08-05T12:19:11 IST" skipped="0">
  <testcase classname="Runner.FailedRun" name="runScenario" time="35.667"/>
  <system-out/>
</testsuite> <!-- Runner.FailedRun -->
