<?xml version="1.0" encoding="UTF-8"?>
<!-- Generated by org.testng.reporters.JUnitReportReporter -->
<testsuite hostname="INMUVADP014584" failures="1" tests="1" name="Runner.TestApplication" time="79.846" errors="0" timestamp="2022-09-23T12:31:38 IST" skipped="0">
  <testcase classname="Runner.TestApplication" name="runScenario" time="79.846">
    <failure message="expected:&lt;0[8]-Sep-2022&gt; but was:&lt;0[9]-Sep-2022&gt;" type="org.junit.ComparisonFailure">
      <![CDATA[org.junit.ComparisonFailure: expected:<0[8]-Sep-2022> but was:<0[9]-Sep-2022>
at org.junit.Assert.assertEquals(Assert.java:115)
at org.junit.Assert.assertEquals(Assert.java:144)
at stepdefinitions.ULS_CustomerDeptDetailsSteps.verify_maturity_date_field_should_get_updated(ULS_CustomerDeptDetailsSteps.java:1084)
at âœ½.verify maturity date field should get updated(file:///C:/Users/inindc00076/git/Azentio_ULSAnandh/AzentioULSFramework_Anandh/src/test/java/features/ULS_CustomerDeptDetailsFEATURE.feature:49)
]]>
    </failure>
  </testcase> <!-- runScenario -->
  <system-out/>
</testsuite> <!-- Runner.TestApplication -->
