<?xml version="1.0" encoding="UTF-8"?>
<!-- Generated by org.testng.reporters.JUnitReportReporter -->
<testsuite hostname="INMUVADP014584" failures="0" tests="1" name="Runner.FailedRun" time="58.488" errors="0" timestamp="2022-08-11T11:18:06 IST" skipped="0">
  <testcase classname="Runner.FailedRun" name="runScenario" time="58.488"/>
  <system-out/>
</testsuite> <!-- Runner.FailedRun -->
