<?xml version="1.0" encoding="UTF-8"?>
<!-- Generated by org.testng.reporters.JUnitReportReporter -->
<testsuite hostname="INMUVADP014584" failures="0" tests="1" name="Runner.TestApplication" time="51.725" errors="0" timestamp="2022-10-03T15:01:44 IST" skipped="0">
  <testcase classname="Runner.TestApplication" name="runScenario" time="51.725"/>
  <system-out/>
</testsuite> <!-- Runner.TestApplication -->
