<?xml version="1.0" encoding="UTF-8"?>
<!-- Generated by org.testng.reporters.JUnitReportReporter -->
<testsuite hostname="INMUVADP014584" failures="0" tests="1" name="Runner.TestApplication" time="36.980" errors="1" timestamp="2022-08-29T10:53:19 IST" skipped="0">
  <testcase classname="Runner.TestApplication" name="runScenario" time="36.980">
    <error message="Expected condition failed: waiting for visibility of [[ChromeDriver: chrome on WINDOWS (e0943fe9b88203598a463aa30acd2cfc)] -&gt; xpath: //ion-label[text()=&#039;Project Setup&#039;]] (tried for 5 second(s) with 1000 milliseconds interval)
Build info: version: &#039;4.0.0-rc-1&#039;, revision: &#039;bc5511cbda&#039;
System info: host: &#039;INMUVADP014584&#039;, ip: &#039;10.1.47.109&#039;, os.name: &#039;Windows 10&#039;, os.arch: &#039;amd64&#039;, os.version: &#039;10.0&#039;, java.version: &#039;17.0.1&#039;
Driver info: driver.version: unknown" type="org.openqa.selenium.TimeoutException">
      <![CDATA[org.openqa.selenium.TimeoutException: Expected condition failed: waiting for visibility of [[ChromeDriver: chrome on WINDOWS (e0943fe9b88203598a463aa30acd2cfc)] -> xpath: //ion-label[text()='Project Setup']] (tried for 5 second(s) with 1000 milliseconds interval)
Build info: version: '4.0.0-rc-1', revision: 'bc5511cbda'
System info: host: 'INMUVADP014584', ip: '10.1.47.109', os.name: 'Windows 10', os.arch: 'amd64', os.version: '10.0', java.version: '17.0.1'
Driver info: driver.version: unknown
at org.openqa.selenium.support.ui.FluentWait.timeoutException(FluentWait.java:263)
at org.openqa.selenium.support.ui.FluentWait.until(FluentWait.java:231)
at helper.WaitHelper.waitForElementToVisibleWithFluentWait(WaitHelper.java:91)
at stepdefinitions.ULS_ProjectMasterSteps.go_to_project_setup_main_menu(ULS_ProjectMasterSteps.java:37)
at âœ½.go to project setup main menu(file:///C:/Users/inindc00076/git/KULS_Anandh/AzentioULSFramework_Anandh/src/test/java/features/ULS_ProjectMasterFeature.feature:168)
]]>
    </error>
  </testcase> <!-- runScenario -->
  <system-out/>
</testsuite> <!-- Runner.TestApplication -->
