<?xml version="1.0" encoding="UTF-8"?>
<!-- Generated by org.testng.reporters.JUnitReportReporter -->
<testsuite hostname="INMUVADP014584" failures="0" tests="1" name="Runner.TestApplication" time="31.966" errors="0" timestamp="2022-10-14T12:40:22 IST" skipped="0">
  <testcase classname="Runner.TestApplication" name="runScenario" time="31.966"/>
  <system-out/>
</testsuite> <!-- Runner.TestApplication -->
