<?xml version="1.0" encoding="UTF-8"?>
<!-- Generated by org.testng.reporters.JUnitReportReporter -->
<testsuite hostname="INMUVADP014584" failures="0" tests="1" name="Runner.TestApplication" time="83.120" errors="0" timestamp="2022-08-18T12:50:09 IST" skipped="0">
  <testcase classname="Runner.TestApplication" name="runScenario" time="83.120"/>
  <system-out/>
</testsuite> <!-- Runner.TestApplication -->
