<?xml version="1.0" encoding="UTF-8"?>
<!-- Generated by org.testng.reporters.JUnitReportReporter -->
<testsuite hostname="INMUVADP014584" failures="0" tests="1" name="Runner.TestApplication" time="44.755" errors="0" timestamp="2022-09-06T14:56:20 IST" skipped="0">
  <testcase classname="Runner.TestApplication" name="runScenario" time="44.755"/>
  <system-out/>
</testsuite> <!-- Runner.TestApplication -->
