<?xml version="1.0" encoding="UTF-8"?>
<!-- Generated by org.testng.reporters.JUnitReportReporter -->
<testsuite hostname="INMUVADP014584" failures="1" tests="5" name="Runner.TestApplication" time="289.613" errors="0" timestamp="2022-09-23T17:08:03 IST" skipped="0">
  <testcase classname="Runner.TestApplication" name="runScenario" time="35.301"/>
  <system-out/>
  <testcase classname="Runner.TestApplication" name="runScenario" time="71.701">
    <failure message="The following asserts failed:
	address line 1 field should be non mandatory but here its a mandatory one expected [true] but found [false],
	address line 2 field should be non mandatory but here its a mandatory one expected [true] but found [false]" type="java.lang.AssertionError">
      <![CDATA[java.lang.AssertionError: The following asserts failed:
address line 1 field should be non mandatory but here its a mandatory one expected [true] but found [false],
address line 2 field should be non mandatory but here its a mandatory one expected [true] but found [false]
at org.testng.asserts.SoftAssert.assertAll(SoftAssert.java:47)
at org.testng.asserts.SoftAssert.assertAll(SoftAssert.java:31)
at stepdefinitions.PropertyDetails_Steps.verify_record_is_saved_in_the_system(PropertyDetails_Steps.java:1383)
at âœ½.verify record is saved in the system(file:///C:/Users/inindc00076/git/Azentio_ULSAnandh/AzentioULSFramework_Anandh/src/test/java/features/ULS_PropertyDetailsfEATURE.feature:86)
]]>
    </failure>
  </testcase> <!-- runScenario -->
  <system-out/>
  <testcase classname="Runner.TestApplication" name="runScenario" time="37.930"/>
  <system-out/>
  <testcase classname="Runner.TestApplication" name="runScenario" time="44.053"/>
  <system-out/>
  <testcase classname="Runner.TestApplication" name="runScenario" time="100.628"/>
  <system-out/>
</testsuite> <!-- Runner.TestApplication -->
