<?xml version="1.0" encoding="UTF-8"?>
<!-- Generated by org.testng.reporters.JUnitReportReporter -->
<testsuite hostname="INMUVADP014584" failures="0" tests="1" name="Runner.TestApplication" time="30.524" errors="0" timestamp="2022-10-05T14:59:03 IST" skipped="0">
  <testcase classname="Runner.TestApplication" name="runScenario" time="30.524"/>
  <system-out/>
</testsuite> <!-- Runner.TestApplication -->
