<?xml version="1.0" encoding="UTF-8"?>
<!-- Generated by org.testng.reporters.JUnitReportReporter -->
<testsuite hostname="INMUVADP014584" failures="0" tests="1" name="Runner.TestApplication" time="60.802" errors="0" timestamp="2022-10-17T17:45:08 IST" skipped="0">
  <testcase classname="Runner.TestApplication" name="runScenario" time="60.802"/>
  <system-out/>
</testsuite> <!-- Runner.TestApplication -->
