<?xml version="1.0" encoding="UTF-8"?>
<!-- Generated by org.testng.reporters.JUnitReportReporter -->
<testsuite hostname="INMUVADP014584" failures="1" tests="1" name="Runner.TestApplication" time="28.026" errors="0" timestamp="2022-09-09T17:57:25 IST" skipped="0">
  <testcase classname="Runner.TestApplication" name="runScenario" time="28.026">
    <failure message="The following asserts failed:
	Primary product field should be non eitable one but here it is editable hence failed expected [true] but found [false],
	Primary Sub product field should be non editable but here its a editable one hence test step is failed expected [true] but found [false],
	Total Finance field should be non editable but here it is editable one expected [false] but found [true],
	 Declared Current obligation field should be non editable but here its editable one hence test case failed expected [false] but found [true],
	 Special PromotionCampaign field should be non editable but here its a editable one hence test steps got failed expected [true] but found [false],
	 sourcing channel field should be non editable but here its a editable one hence test steps got failed expected [true] but found [false],
	 business center code field should be non editable but here its a editable one hence test steps got failed expected [true] but found [false],
	 servicing type field should be non editable but here its a editable one hence test steps got failed expected [true] but found [false],
	 Servicing Entity field should be non editable but here its a editable one hence test steps got failed expected [true] but found [false],
	 Servicing Branch field should be non editable but here its a editable one hence test steps got failed expected [true] but found [false],
	 Closing Staff or Servicing Staff or RM field should be non editable but here its a editable one hence test steps got failed expected [true] but found [false],
	 Sourcing Type field should be non editable but here its a editable one hence test steps got failed expected [true] but found [false],
	 Sourcing staff field should be non editable but here its a editable one hence test steps got failed expected [true] but found [false],
	 Sourcing Entity field should be non editable but here its a editable one hence test steps got failed expected [true] but found [false],
	 Sourcing Office field should be non editable but here its a editable one hence test steps got failed expected [true] but found [false],
	 Reference Type field should be non editable but here its a editable one hence test steps got failed expected [true] but found [false],
	 Reference Entity field should be non editable but here its a editable one hence test steps got failed expected [true] but found [false],
	 Reference Code field should be non editable but here its a editable one hence test steps got failed expected [false] but found [true]" type="java.lang.AssertionError">
      <![CDATA[java.lang.AssertionError: The following asserts failed:
Primary product field should be non eitable one but here it is editable hence failed expected [true] but found [false],
Primary Sub product field should be non editable but here its a editable one hence test step is failed expected [true] but found [false],
Total Finance field should be non editable but here it is editable one expected [false] but found [true],
 Declared Current obligation field should be non editable but here its editable one hence test case failed expected [false] but found [true],
 Special PromotionCampaign field should be non editable but here its a editable one hence test steps got failed expected [true] but found [false],
 sourcing channel field should be non editable but here its a editable one hence test steps got failed expected [true] but found [false],
 business center code field should be non editable but here its a editable one hence test steps got failed expected [true] but found [false],
 servicing type field should be non editable but here its a editable one hence test steps got failed expected [true] but found [false],
 Servicing Entity field should be non editable but here its a editable one hence test steps got failed expected [true] but found [false],
 Servicing Branch field should be non editable but here its a editable one hence test steps got failed expected [true] but found [false],
 Closing Staff or Servicing Staff or RM field should be non editable but here its a editable one hence test steps got failed expected [true] but found [false],
 Sourcing Type field should be non editable but here its a editable one hence test steps got failed expected [true] but found [false],
 Sourcing staff field should be non editable but here its a editable one hence test steps got failed expected [true] but found [false],
 Sourcing Entity field should be non editable but here its a editable one hence test steps got failed expected [true] but found [false],
 Sourcing Office field should be non editable but here its a editable one hence test steps got failed expected [true] but found [false],
 Reference Type field should be non editable but here its a editable one hence test steps got failed expected [true] but found [false],
 Reference Entity field should be non editable but here its a editable one hence test steps got failed expected [true] but found [false],
 Reference Code field should be non editable but here its a editable one hence test steps got failed expected [false] but found [true]
at org.testng.asserts.SoftAssert.assertAll(SoftAssert.java:47)
at org.testng.asserts.SoftAssert.assertAll(SoftAssert.java:31)
at stepdefinitions.KULS_ApplicationDetailsDisbursementMakerSteps.verify_the_functionlaity_of_the_back_button(KULS_ApplicationDetailsDisbursementMakerSteps.java:81)
at âœ½.verify the functionlaity of the back button(file:///C:/Users/inindc00076/git/Azentio_ULSAnandh/AzentioULSFramework_Anandh/src/test/java/features/KULS_ApplicationDetailsDsbmntMakerFEATURE.feature:30)
]]>
    </failure>
  </testcase> <!-- runScenario -->
  <system-out/>
</testsuite> <!-- Runner.TestApplication -->
