<?xml version="1.0" encoding="UTF-8"?>
<!-- Generated by org.testng.reporters.JUnitReportReporter -->
<testsuite hostname="INMUVADP014584" failures="0" tests="19" name="Runner.TestApplication" time="706.045" errors="0" timestamp="2022-08-11T15:33:35 IST" skipped="0">
  <testcase classname="Runner.TestApplication" name="runScenario" time="46.640"/>
  <system-out/>
  <testcase classname="Runner.TestApplication" name="runScenario" time="32.194"/>
  <system-out/>
  <testcase classname="Runner.TestApplication" name="runScenario" time="21.010"/>
  <system-out/>
  <testcase classname="Runner.TestApplication" name="runScenario" time="28.209"/>
  <system-out/>
  <testcase classname="Runner.TestApplication" name="runScenario" time="31.522"/>
  <system-out/>
  <testcase classname="Runner.TestApplication" name="runScenario" time="21.887"/>
  <system-out/>
  <testcase classname="Runner.TestApplication" name="runScenario" time="97.546"/>
  <system-out/>
  <testcase classname="Runner.TestApplication" name="runScenario" time="36.522"/>
  <system-out/>
  <testcase classname="Runner.TestApplication" name="runScenario" time="75.768"/>
  <system-out/>
  <testcase classname="Runner.TestApplication" name="runScenario" time="23.901"/>
  <system-out/>
  <testcase classname="Runner.TestApplication" name="runScenario" time="22.386"/>
  <system-out/>
  <testcase classname="Runner.TestApplication" name="runScenario" time="27.206"/>
  <system-out/>
  <testcase classname="Runner.TestApplication" name="runScenario" time="64.610"/>
  <system-out/>
  <testcase classname="Runner.TestApplication" name="runScenario" time="22.499"/>
  <system-out/>
  <testcase classname="Runner.TestApplication" name="runScenario" time="28.766"/>
  <system-out/>
  <testcase classname="Runner.TestApplication" name="runScenario" time="51.638"/>
  <system-out/>
  <testcase classname="Runner.TestApplication" name="runScenario" time="28.066"/>
  <system-out/>
  <testcase classname="Runner.TestApplication" name="runScenario" time="21.622"/>
  <system-out/>
  <testcase classname="Runner.TestApplication" name="runScenario" time="24.053"/>
  <system-out/>
</testsuite> <!-- Runner.TestApplication -->
