<?xml version="1.0" encoding="UTF-8"?>
<!-- Generated by org.testng.reporters.JUnitReportReporter -->
<testsuite hostname="INMUVADP014584" failures="1" tests="1" name="Runner.TestApplication" time="47.745" errors="0" timestamp="2022-09-28T17:56:18 IST" skipped="0">
  <testcase classname="Runner.TestApplication" name="runScenario" time="47.745">
    <failure message="The following asserts failed:
	Deleted Element is  available after deletion" type="java.lang.AssertionError">
      <![CDATA[java.lang.AssertionError: The following asserts failed:
Deleted Element is  available after deletion
at org.testng.asserts.SoftAssert.assertAll(SoftAssert.java:47)
at org.testng.asserts.SoftAssert.assertAll(SoftAssert.java:31)
at stepdefinitions.ULS_DrawdownDetailsSteps.verify_the_functionality_of_back_button(ULS_DrawdownDetailsSteps.java:530)
at âœ½.verify the functionality of back button(file:///C:/Users/inindc00076/git/Azentio_ULSAnandh/AzentioULSFramework_Anandh/src/test/java/features/ULS_DrawdownDetailsFEATURE.feature:52)
]]>
    </failure>
  </testcase> <!-- runScenario -->
  <system-out/>
</testsuite> <!-- Runner.TestApplication -->
