<?xml version="1.0" encoding="UTF-8"?>
<!-- Generated by org.testng.reporters.JUnitReportReporter -->
<testsuite hostname="INMUVADP014584" failures="0" tests="19" name="Runner.TestApplication" time="481.244" errors="0" timestamp="2022-08-19T11:43:26 IST" skipped="0">
  <testcase classname="Runner.TestApplication" name="runScenario" time="29.872"/>
  <system-out/>
  <testcase classname="Runner.TestApplication" name="runScenario" time="24.810"/>
  <system-out/>
  <testcase classname="Runner.TestApplication" name="runScenario" time="27.639"/>
  <system-out/>
  <testcase classname="Runner.TestApplication" name="runScenario" time="19.078"/>
  <system-out/>
  <testcase classname="Runner.TestApplication" name="runScenario" time="40.944"/>
  <system-out/>
  <testcase classname="Runner.TestApplication" name="runScenario" time="19.485"/>
  <system-out/>
  <testcase classname="Runner.TestApplication" name="runScenario" time="19.510"/>
  <system-out/>
  <testcase classname="Runner.TestApplication" name="runScenario" time="19.581"/>
  <system-out/>
  <testcase classname="Runner.TestApplication" name="runScenario" time="26.879"/>
  <system-out/>
  <testcase classname="Runner.TestApplication" name="runScenario" time="23.676"/>
  <system-out/>
  <testcase classname="Runner.TestApplication" name="runScenario" time="19.888"/>
  <system-out/>
  <testcase classname="Runner.TestApplication" name="runScenario" time="19.710"/>
  <system-out/>
  <testcase classname="Runner.TestApplication" name="runScenario" time="25.211"/>
  <system-out/>
  <testcase classname="Runner.TestApplication" name="runScenario" time="52.609"/>
  <system-out/>
  <testcase classname="Runner.TestApplication" name="runScenario" time="21.269"/>
  <system-out/>
  <testcase classname="Runner.TestApplication" name="runScenario" time="20.173"/>
  <system-out/>
  <testcase classname="Runner.TestApplication" name="runScenario" time="19.684"/>
  <system-out/>
  <testcase classname="Runner.TestApplication" name="runScenario" time="27.131"/>
  <system-out/>
  <testcase classname="Runner.TestApplication" name="runScenario" time="24.095"/>
  <system-out/>
</testsuite> <!-- Runner.TestApplication -->
