<?xml version="1.0" encoding="UTF-8"?>
<!-- Generated by org.testng.reporters.JUnitReportReporter -->
<testsuite hostname="INMUVADP014547" failures="0" tests="1" name="Runner.TestApplication" time="111.224" errors="0" timestamp="2022-09-27T19:19:46 IST" skipped="0">
  <testcase classname="Runner.TestApplication" name="runScenario" time="111.224"/>
  <system-out/>
</testsuite> <!-- Runner.TestApplication -->
