<?xml version="1.0" encoding="UTF-8"?>
<!-- Generated by org.testng.reporters.JUnitReportReporter -->
<testsuite hostname="INMUVADP014547" failures="0" tests="25" name="Runner.TestApplication" time="807.401" errors="0" timestamp="2022-10-31T18:18:55 IST" skipped="0">
  <testcase classname="Runner.TestApplication" name="runScenario" time="23.035"/>
  <system-out/>
  <testcase classname="Runner.TestApplication" name="runScenario" time="25.388"/>
  <system-out/>
  <testcase classname="Runner.TestApplication" name="runScenario" time="26.740"/>
  <system-out/>
  <testcase classname="Runner.TestApplication" name="runScenario" time="56.036"/>
  <system-out/>
  <testcase classname="Runner.TestApplication" name="runScenario" time="19.166"/>
  <system-out/>
  <testcase classname="Runner.TestApplication" name="runScenario" time="24.426"/>
  <system-out/>
  <testcase classname="Runner.TestApplication" name="runScenario" time="22.431"/>
  <system-out/>
  <testcase classname="Runner.TestApplication" name="runScenario" time="18.975"/>
  <system-out/>
  <testcase classname="Runner.TestApplication" name="runScenario" time="47.664"/>
  <system-out/>
  <testcase classname="Runner.TestApplication" name="runScenario" time="56.571"/>
  <system-out/>
  <testcase classname="Runner.TestApplication" name="runScenario" time="29.614"/>
  <system-out/>
  <testcase classname="Runner.TestApplication" name="runScenario" time="26.716"/>
  <system-out/>
  <testcase classname="Runner.TestApplication" name="runScenario" time="26.047"/>
  <system-out/>
  <testcase classname="Runner.TestApplication" name="runScenario" time="51.471"/>
  <system-out/>
  <testcase classname="Runner.TestApplication" name="runScenario" time="22.970"/>
  <system-out/>
  <testcase classname="Runner.TestApplication" name="runScenario" time="27.869"/>
  <system-out/>
  <testcase classname="Runner.TestApplication" name="runScenario" time="25.172"/>
  <system-out/>
  <testcase classname="Runner.TestApplication" name="runScenario" time="20.472"/>
  <system-out/>
  <testcase classname="Runner.TestApplication" name="runScenario" time="23.254"/>
  <system-out/>
  <testcase classname="Runner.TestApplication" name="runScenario" time="57.597"/>
  <system-out/>
  <testcase classname="Runner.TestApplication" name="runScenario" time="43.243"/>
  <system-out/>
  <testcase classname="Runner.TestApplication" name="runScenario" time="19.850"/>
  <system-out/>
  <testcase classname="Runner.TestApplication" name="runScenario" time="24.079"/>
  <system-out/>
  <testcase classname="Runner.TestApplication" name="runScenario" time="58.863"/>
  <system-out/>
  <testcase classname="Runner.TestApplication" name="runScenario" time="29.752"/>
  <system-out/>
</testsuite> <!-- Runner.TestApplication -->
