<?xml version="1.0" encoding="UTF-8"?>
<!-- Generated by org.testng.reporters.JUnitReportReporter -->
<testsuite hostname="INMUVADP014547" failures="0" tests="1" name="Runner.TestApplication" time="38.440" errors="0" timestamp="2022-09-09T18:23:20 IST" skipped="0">
  <testcase classname="Runner.TestApplication" name="runScenario" time="38.440"/>
  <system-out/>
</testsuite> <!-- Runner.TestApplication -->
