<?xml version="1.0" encoding="UTF-8"?>
<!-- Generated by org.testng.reporters.JUnitReportReporter -->
<testsuite hostname="INMUVADP014547" failures="0" tests="1" name="Runner.TestApplication" time="107.651" errors="0" timestamp="2022-11-22T17:58:46 IST" skipped="0">
  <testcase classname="Runner.TestApplication" name="runScenario" time="107.651"/>
  <system-out/>
</testsuite> <!-- Runner.TestApplication -->
