<?xml version="1.0" encoding="UTF-8"?>
<!-- Generated by org.testng.reporters.JUnitReportReporter -->
<testsuite hostname="INMUVADP014547" failures="0" tests="1" name="Runner.TestApplication" time="45.234" errors="0" timestamp="2022-11-24T18:11:50 IST" skipped="0">
  <testcase classname="Runner.TestApplication" name="runScenario" time="45.234"/>
  <system-out/>
</testsuite> <!-- Runner.TestApplication -->
