<?xml version="1.0" encoding="UTF-8"?>
<!-- Generated by org.testng.reporters.JUnitReportReporter -->
<testsuite hostname="INMUVADP014547" failures="0" tests="1" name="Runner.TestApplication" time="47.404" errors="0" timestamp="2022-10-05T10:11:30 IST" skipped="0">
  <testcase classname="Runner.TestApplication" name="runScenario" time="47.404"/>
  <system-out/>
</testsuite> <!-- Runner.TestApplication -->
