<?xml version="1.0" encoding="UTF-8"?>
<!-- Generated by org.testng.reporters.JUnitReportReporter -->
<testsuite hostname="INMUVADP014547" failures="0" tests="1" name="Runner.TestApplication" time="52.646" errors="0" timestamp="2022-11-30T17:50:35 IST" skipped="0">
  <testcase classname="Runner.TestApplication" name="runScenario" time="52.646"/>
  <system-out/>
</testsuite> <!-- Runner.TestApplication -->
