<?xml version="1.0" encoding="UTF-8"?>
<!-- Generated by org.testng.reporters.JUnitReportReporter -->
<testsuite hostname="INMUVADP014547" failures="0" tests="1" name="Runner.TestApplication" time="46.373" errors="0" timestamp="2022-09-19T10:25:51 IST" skipped="0">
  <testcase classname="Runner.TestApplication" name="runScenario" time="46.373"/>
  <system-out/>
</testsuite> <!-- Runner.TestApplication -->
