<?xml version="1.0" encoding="UTF-8"?>
<!-- Generated by org.testng.reporters.JUnitReportReporter -->
<testsuite hostname="INMUVADP014547" failures="0" tests="5" name="Runner.TestApplication" time="280.498" errors="0" timestamp="2022-09-29T10:10:45 IST" skipped="0">
  <testcase classname="Runner.TestApplication" name="runScenario" time="51.551"/>
  <system-out/>
  <testcase classname="Runner.TestApplication" name="runScenario" time="73.960"/>
  <system-out/>
  <testcase classname="Runner.TestApplication" name="runScenario" time="32.133"/>
  <system-out/>
  <testcase classname="Runner.TestApplication" name="runScenario" time="42.224"/>
  <system-out/>
  <testcase classname="Runner.TestApplication" name="runScenario" time="80.630"/>
  <system-out/>
</testsuite> <!-- Runner.TestApplication -->
