<?xml version="1.0" encoding="UTF-8"?>
<!-- Generated by org.testng.reporters.JUnitReportReporter -->
<testsuite hostname="INMUVADP014547" failures="0" tests="1" name="Runner.TestApplication" time="62.215" errors="0" timestamp="2022-11-08T14:43:34 IST" skipped="0">
  <testcase classname="Runner.TestApplication" name="runScenario" time="62.215"/>
  <system-out/>
</testsuite> <!-- Runner.TestApplication -->
