<?xml version="1.0" encoding="UTF-8"?>
<!-- Generated by org.testng.reporters.JUnitReportReporter -->
<testsuite hostname="INMUVADP014547" failures="0" tests="1" name="Runner.TestApplication" time="62.774" errors="0" timestamp="2022-09-07T09:56:30 IST" skipped="0">
  <testcase classname="Runner.TestApplication" name="runScenario" time="62.774"/>
  <system-out/>
</testsuite> <!-- Runner.TestApplication -->
