<?xml version="1.0" encoding="UTF-8"?>
<!-- Generated by org.testng.reporters.JUnitReportReporter -->
<testsuite hostname="INMUVADP014547" failures="0" tests="3" name="Runner.TestApplication" time="136.349" errors="0" timestamp="2022-11-01T17:10:38 IST" skipped="0">
  <testcase classname="Runner.TestApplication" name="runScenario" time="42.445"/>
  <system-out/>
  <testcase classname="Runner.TestApplication" name="runScenario" time="60.395"/>
  <system-out/>
  <testcase classname="Runner.TestApplication" name="runScenario" time="33.509"/>
  <system-out/>
</testsuite> <!-- Runner.TestApplication -->
