<?xml version="1.0" encoding="UTF-8"?>
<!-- Generated by org.testng.reporters.JUnitReportReporter -->
<testsuite hostname="INMUVADP014547" failures="0" tests="1" name="Runner.TestApplication" time="89.002" errors="0" timestamp="2022-10-14T17:51:27 IST" skipped="0">
  <testcase classname="Runner.TestApplication" name="runScenario" time="89.002"/>
  <system-out/>
</testsuite> <!-- Runner.TestApplication -->
