<?xml version="1.0" encoding="UTF-8"?>
<!-- Generated by org.testng.reporters.JUnitReportReporter -->
<testsuite hostname="INMUVADP014547" failures="0" tests="1" name="Runner.TestApplication" time="55.210" errors="0" timestamp="2022-10-19T18:00:03 IST" skipped="0">
  <testcase classname="Runner.TestApplication" name="runScenario" time="55.210"/>
  <system-out/>
</testsuite> <!-- Runner.TestApplication -->
