<?xml version="1.0" encoding="UTF-8"?>
<!-- Generated by org.testng.reporters.JUnitReportReporter -->
<testsuite hostname="INMUVADP014547" failures="0" tests="1" name="Runner.TestApplication" time="64.611" errors="0" timestamp="2022-09-23T18:12:31 IST" skipped="0">
  <testcase classname="Runner.TestApplication" name="runScenario" time="64.611"/>
  <system-out/>
</testsuite> <!-- Runner.TestApplication -->
