<?xml version="1.0" encoding="UTF-8"?>
<!-- Generated by org.testng.reporters.JUnitReportReporter -->
<testsuite hostname="INMUVADP014547" failures="0" tests="1" name="Runner.TestApplication" time="50.481" errors="0" timestamp="2022-11-09T13:06:00 IST" skipped="0">
  <testcase classname="Runner.TestApplication" name="runScenario" time="50.481"/>
  <system-out/>
</testsuite> <!-- Runner.TestApplication -->
