<?xml version="1.0" encoding="UTF-8"?>
<!-- Generated by org.testng.reporters.JUnitReportReporter -->
<testsuite hostname="DESKTOP-PSK9T3U" failures="0" tests="1" name="Runner.TestApplication" time="40.869" errors="0" timestamp="2023-02-17T13:58:11 IST" skipped="0">
  <testcase classname="Runner.TestApplication" name="runScenario" time="40.869"/>
  <system-out/>
</testsuite> <!-- Runner.TestApplication -->
