<?xml version="1.0" encoding="UTF-8"?>
<!-- Generated by org.testng.reporters.JUnitReportReporter -->
<testsuite hostname="INMUVADP016382" failures="0" tests="1" name="Runner.TestApplication" time="70.665" errors="0" timestamp="2022-11-29T15:52:30 IST" skipped="0">
  <testcase classname="Runner.TestApplication" name="runScenario" time="70.665"/>
  <system-out/>
</testsuite> <!-- Runner.TestApplication -->
