<?xml version="1.0" encoding="UTF-8"?>
<!-- Generated by org.testng.reporters.JUnitReportReporter -->
<testsuite hostname="DESKTOP-PSK9T3U" failures="0" tests="1" name="Runner.TestApplication" time="51.798" errors="0" timestamp="2023-02-03T12:21:25 IST" skipped="0">
  <testcase classname="Runner.TestApplication" name="runScenario" time="51.798"/>
  <system-out/>
</testsuite> <!-- Runner.TestApplication -->
