<?xml version="1.0" encoding="UTF-8"?>
<!-- Generated by org.testng.reporters.JUnitReportReporter -->
<testsuite hostname="INMUVADP016574" failures="0" tests="1" name="Runner.TestApplication" time="30.280" errors="0" timestamp="2022-11-23T14:36:28 IST" skipped="0">
  <testcase classname="Runner.TestApplication" name="runScenario" time="30.280"/>
  <system-out/>
</testsuite> <!-- Runner.TestApplication -->
