<?xml version="1.0" encoding="UTF-8"?>
<!-- Generated by org.testng.reporters.JUnitReportReporter -->
<testsuite hostname="INMUVADP016574" failures="0" tests="1" name="Runner.TestApplication" time="120.187" errors="0" timestamp="2022-12-02T12:34:09 IST" skipped="0">
  <testcase classname="Runner.TestApplication" name="runScenario" time="120.187"/>
  <system-out/>
</testsuite> <!-- Runner.TestApplication -->
